<?xml version="1.0" encoding="UTF-8"?>
<!-- Generated by org.testng.reporters.JUnitReportReporter -->
<testsuite hostname="GWTN156-9" failures="0" tests="1" name="tests_swagLab.Test_Swag_Lab_Login" time="33.482" errors="1" timestamp="2023-12-23T10:13:17 MST" skipped="0">
  <testcase classname="tests_swagLab.Test_Swag_Lab_Login" name="test_Swag_Lab_Login" time="33.482">
    <error message="Error {
  message=&#039;Timeout 30000ms exceeded.
=========================== logs ===========================
waiting for locator(&quot;xpath=//button[@id=&#039;add-to-cart-test.allthethings()-t-shirt-(red)&#039;]&quot;)
============================================================
  name=&#039;TimeoutError
  stack=&#039;TimeoutError: Timeout 30000ms exceeded.
=========================== logs ===========================
waiting for locator(&quot;xpath=//button[@id=&#039;add-to-cart-test.allthethings()-t-shirt-(red)&#039;]&quot;)
============================================================
    at ProgressController.run (C:\Users\mahfo\AppData\Local\Temp\playwright-java-15537314300515806440\package\lib\server\progress.js:88:26)
    at Frame.click (C:\Users\mahfo\AppData\Local\Temp\playwright-java-15537314300515806440\package\lib\server\frames.js:995:23)
    at FrameDispatcher.click (C:\Users\mahfo\AppData\Local\Temp\playwright-java-15537314300515806440\package\lib\server\dispatchers\frameDispatcher.js:154:30)
    at DispatcherConnection.dispatch (C:\Users\mahfo\AppData\Local\Temp\playwright-java-15537314300515806440\package\lib\server\dispatchers\dispatcher.js:346:46)
}" type="com.microsoft.playwright.TimeoutError">
      <![CDATA[com.microsoft.playwright.TimeoutError: Error {
  message='Timeout 30000ms exceeded.
=========================== logs ===========================
waiting for locator("xpath=//button[@id='add-to-cart-test.allthethings()-t-shirt-(red)']")
============================================================
  name='TimeoutError
  stack='TimeoutError: Timeout 30000ms exceeded.
=========================== logs ===========================
waiting for locator("xpath=//button[@id='add-to-cart-test.allthethings()-t-shirt-(red)']")
============================================================
    at ProgressController.run (C:\Users\mahfo\AppData\Local\Temp\playwright-java-15537314300515806440\package\lib\server\progress.js:88:26)
    at Frame.click (C:\Users\mahfo\AppData\Local\Temp\playwright-java-15537314300515806440\package\lib\server\frames.js:995:23)
    at FrameDispatcher.click (C:\Users\mahfo\AppData\Local\Temp\playwright-java-15537314300515806440\package\lib\server\dispatchers\frameDispatcher.js:154:30)
    at DispatcherConnection.dispatch (C:\Users\mahfo\AppData\Local\Temp\playwright-java-15537314300515806440\package\lib\server\dispatchers\dispatcher.js:346:46)
}
at com.microsoft.playwright.impl.WaitableResult.get(WaitableResult.java:52)
at com.microsoft.playwright.impl.ChannelOwner.runUntil(ChannelOwner.java:120)
at com.microsoft.playwright.impl.Connection.sendMessage(Connection.java:126)
at com.microsoft.playwright.impl.ChannelOwner.sendMessage(ChannelOwner.java:106)
at com.microsoft.playwright.impl.FrameImpl.clickImpl(FrameImpl.java:252)
at com.microsoft.playwright.impl.FrameImpl.lambda$click$8(FrameImpl.java:243)
at com.microsoft.playwright.impl.LoggingSupport.lambda$withLogging$0(LoggingSupport.java:36)
at com.microsoft.playwright.impl.LoggingSupport.withLogging(LoggingSupport.java:47)
at com.microsoft.playwright.impl.ChannelOwner.withLogging(ChannelOwner.java:89)
at com.microsoft.playwright.impl.LoggingSupport.withLogging(LoggingSupport.java:35)
at com.microsoft.playwright.impl.FrameImpl.click(FrameImpl.java:243)
at com.microsoft.playwright.impl.LocatorImpl.click(LocatorImpl.java:140)
at com.microsoft.playwright.Locator.click(Locator.java:2348)
at base.Base.click(Base.java:64)
at tests_swagLab.Test_Swag_Lab_Login.test_Swag_Lab_Login(Test_Swag_Lab_Login.java:26)
at java.base/jdk.internal.reflect.NativeMethodAccessorImpl.invoke0(Native Method)
at java.base/jdk.internal.reflect.NativeMethodAccessorImpl.invoke(NativeMethodAccessorImpl.java:77)
at java.base/jdk.internal.reflect.DelegatingMethodAccessorImpl.invoke(DelegatingMethodAccessorImpl.java:43)
at java.base/java.lang.reflect.Method.invoke(Method.java:568)
at org.testng.internal.invokers.MethodInvocationHelper.invokeMethod(MethodInvocationHelper.java:139)
at org.testng.internal.invokers.TestInvoker.invokeMethod(TestInvoker.java:664)
at org.testng.internal.invokers.TestInvoker.invokeTestMethod(TestInvoker.java:227)
at org.testng.internal.invokers.MethodRunner.runInSequence(MethodRunner.java:50)
at org.testng.internal.invokers.TestInvoker$MethodInvocationAgent.invoke(TestInvoker.java:957)
at org.testng.internal.invokers.TestInvoker.invokeTestMethods(TestInvoker.java:200)
at org.testng.internal.invokers.TestMethodWorker.invokeTestMethods(TestMethodWorker.java:148)
at org.testng.internal.invokers.TestMethodWorker.run(TestMethodWorker.java:128)
at java.base/java.util.ArrayList.forEach(ArrayList.java:1511)
at org.testng.TestRunner.privateRun(TestRunner.java:848)
at org.testng.TestRunner.run(TestRunner.java:621)
at org.testng.SuiteRunner.runTest(SuiteRunner.java:443)
at org.testng.SuiteRunner$SuiteWorker.run(SuiteRunner.java:481)
at org.testng.internal.thread.ThreadUtil.lambda$execute$0(ThreadUtil.java:58)
at java.base/java.util.concurrent.FutureTask.run(FutureTask.java:264)
at java.base/java.util.concurrent.ThreadPoolExecutor.runWorker(ThreadPoolExecutor.java:1136)
at java.base/java.util.concurrent.ThreadPoolExecutor$Worker.run(ThreadPoolExecutor.java:635)
at java.base/java.lang.Thread.run(Thread.java:833)
Caused by: com.microsoft.playwright.TimeoutError: Error {
  message='Timeout 30000ms exceeded.
=========================== logs ===========================
waiting for locator("xpath=//button[@id='add-to-cart-test.allthethings()-t-shirt-(red)']")
============================================================
  name='TimeoutError
  stack='TimeoutError: Timeout 30000ms exceeded.
=========================== logs ===========================
waiting for locator("xpath=//button[@id='add-to-cart-test.allthethings()-t-shirt-(red)']")
============================================================
    at ProgressController.run (C:\Users\mahfo\AppData\Local\Temp\playwright-java-15537314300515806440\package\lib\server\progress.js:88:26)
    at Frame.click (C:\Users\mahfo\AppData\Local\Temp\playwright-java-15537314300515806440\package\lib\server\frames.js:995:23)
    at FrameDispatcher.click (C:\Users\mahfo\AppData\Local\Temp\playwright-java-15537314300515806440\package\lib\server\dispatchers\frameDispatcher.js:154:30)
    at DispatcherConnection.dispatch (C:\Users\mahfo\AppData\Local\Temp\playwright-java-15537314300515806440\package\lib\server\dispatchers\dispatcher.js:346:46)
}
at com.microsoft.playwright.impl.Connection.dispatch(Connection.java:224)
at com.microsoft.playwright.impl.Connection.processOneMessage(Connection.java:206)
at com.microsoft.playwright.impl.ChannelOwner.runUntil(ChannelOwner.java:118)
... 35 more
]]>
    </error>
  </testcase> <!-- test_Swag_Lab_Login -->
</testsuite> <!-- tests_swagLab.Test_Swag_Lab_Login -->
