<?xml version="1.0" encoding="UTF-8"?>
<!-- Generated by org.testng.reporters.JUnitReportReporter -->
<testsuite hostname="GWTN156-9" failures="0" tests="1" name="tests_michroTech_Parameter_DataProvider.copy.Test_Employee_Login" time="2.534" errors="0" timestamp="2023-12-23T10:13:17 MST" skipped="0">
  <testcase classname="tests_michroTech_Parameter_DataProvider.copy.Test_Employee_Login" name="test_Employee_Login" time="2.534"/>
</testsuite> <!-- tests_michroTech_Parameter_DataProvider.copy.Test_Employee_Login -->
