<?xml version="1.0" encoding="UTF-8"?>
<!-- Generated by org.testng.reporters.JUnitReportReporter -->
<testsuite hostname="GWTN156-9" failures="0" tests="1" name="tests_dataTables.HomePageVerification" time="6.519" errors="0" timestamp="2023-12-23T10:13:17 MST" skipped="0">
  <testcase classname="tests_dataTables.HomePageVerification" name="homePageVerification" time="6.519"/>
</testsuite> <!-- tests_dataTables.HomePageVerification -->
