<?xml version="1.0" encoding="UTF-8"?>
<!-- Generated by org.testng.reporters.JUnitReportReporter -->
<testsuite hostname="GWTN156-9" failures="0" tests="7" name="dataProvider.DataProvider_Test" time="0.497" errors="0" timestamp="2023-12-19T16:34:00 MST" skipped="0">
  <testcase classname="dataProvider.DataProvider_Test" name="test_loginFunctions3" time="0.000"/>
  <testcase classname="dataProvider.DataProvider_Test" name="Read_Excel_File1" time="0.493"/>
  <testcase classname="dataProvider.DataProvider_Test" name="test_loginFunctions3" time="0.001"/>
  <testcase classname="dataProvider.DataProvider_Test" name="test_loginFunctions1" time="0.000"/>
  <testcase classname="dataProvider.DataProvider_Test" name="test_loginFunctions3" time="0.001"/>
  <testcase classname="dataProvider.DataProvider_Test" name="test_loginFunctions1" time="0.001"/>
  <testcase classname="dataProvider.DataProvider_Test" name="test_loginFunctions1" time="0.001"/>
</testsuite> <!-- dataProvider.DataProvider_Test -->
